0 info it worked if it ends with ok
1 verbose cli [ '/Users/bevacqua/.nvm/versions/node/v6.3.1/bin/node',
1 verbose cli   '/Users/bevacqua/.nvm/versions/node/v6.3.1/bin/npm',
1 verbose cli   'run',
1 verbose cli   'lint',
1 verbose cli   '--fix' ]
2 info using npm@3.10.6
3 info using node@v6.3.1
4 verbose run-script [ 'prelint', 'lint', 'postlint' ]
5 info lifecycle @~prelint: @
6 silly lifecycle @~prelint: no script for prelint, continuing
7 info lifecycle @~lint: @
8 verbose lifecycle @~lint: unsafe-perm in lifecycle true
9 verbose lifecycle @~lint: PATH: /Users/bevacqua/.nvm/versions/node/v6.3.1/lib/node_modules/npm/bin/node-gyp-bin:/Users/bevacqua/dev/practical-es6/code/ch01/ex02-eslint-setup/node_modules/.bin:/Users/bevacqua/.yarn/bin:/Users/bevacqua/.avn/bin:/Users/bevacqua/.nvm/versions/node/v6.3.1/bin:/usr/lib/lightdm/lightdm:/usr/local/sbin:/usr/local/bin:/usr/sbin:/usr/bin:/sbin:/bin:/usr/local/heroku/bin:/Users/bevacqua/Library/Android/sdk/platform-tools:/usr/local/bin:/usr/bin:/bin:/usr/sbin:/sbin:/opt/X11/bin:/usr/local/MacGPG2/bin
10 verbose lifecycle @~lint: CWD: /Users/bevacqua/dev/practical-es6/code/ch01/ex02-eslint-setup
11 silly lifecycle @~lint: Args: [ '-c', 'eslint .' ]
12 silly lifecycle @~lint: Returned: code: 1  signal: null
13 info lifecycle @~lint: Failed to exec lint script
14 verbose stack Error: @ lint: `eslint .`
14 verbose stack Exit status 1
14 verbose stack     at EventEmitter.<anonymous> (/Users/bevacqua/.nvm/versions/node/v6.3.1/lib/node_modules/npm/lib/utils/lifecycle.js:255:16)
14 verbose stack     at emitTwo (events.js:106:13)
14 verbose stack     at EventEmitter.emit (events.js:191:7)
14 verbose stack     at ChildProcess.<anonymous> (/Users/bevacqua/.nvm/versions/node/v6.3.1/lib/node_modules/npm/lib/utils/spawn.js:40:14)
14 verbose stack     at emitTwo (events.js:106:13)
14 verbose stack     at ChildProcess.emit (events.js:191:7)
14 verbose stack     at maybeClose (internal/child_process.js:852:16)
14 verbose stack     at Process.ChildProcess._handle.onexit (internal/child_process.js:215:5)
15 verbose pkgid @
16 verbose cwd /Users/bevacqua/dev/practical-es6/code/ch01/ex02-eslint-setup
17 error Darwin 16.3.0
18 error argv "/Users/bevacqua/.nvm/versions/node/v6.3.1/bin/node" "/Users/bevacqua/.nvm/versions/node/v6.3.1/bin/npm" "run" "lint" "--fix"
19 error node v6.3.1
20 error npm  v3.10.6
21 error code ELIFECYCLE
22 error @ lint: `eslint .`
22 error Exit status 1
23 error Failed at the @ lint script 'eslint .'.
23 error Make sure you have the latest version of node.js and npm installed.
23 error If you do, this is most likely a problem with the  package,
23 error not with npm itself.
23 error Tell the author that this fails on your system:
23 error     eslint .
23 error You can get information on how to open an issue for this project with:
23 error     npm bugs
23 error Or if that isn't available, you can get their info via:
23 error     npm owner ls
23 error There is likely additional logging output above.
24 verbose exit [ 1, true ]
